Arguments: 
  /usr/local/Cellar/node/9.8.0/bin/node /usr/local/Cellar/yarn/1.5.1_1/libexec/bin/yarn.js upgrade

PATH: 
  /usr/local/opt/tomcat@8/bin:/Users/dromazmj/Downloads/google-cloud-sdk/bin:/Users/dromazmj/.rvm/gems/ruby-2.5.0/bin:/Users/dromazmj/.rvm/gems/ruby-2.5.0@global/bin:/Users/dromazmj/.rvm/rubies/ruby-2.5.0/bin:/Library/Frameworks/Python.framework/Versions/3.6/bin:/usr/local/bin:/usr/bin:/bin:/usr/sbin:/sbin:/Users/dromazmj/Library/Android/sdk/platform-tools:/Users/dromazmj/Library/Android/sdk/tools:/opt/X11/bin:/Users/dromazmj/.rvm/bin

Yarn version: 
  1.5.1

Node version: 
  9.8.0

Platform: 
  darwin x64

npm manifest: 
  {
    "name": "drive",
    "version": "0.0.1",
    "author": "Ionic Framework",
    "homepage": "http://ionicframework.com/",
    "private": true,
    "scripts": {
      "clean": "ionic-app-scripts clean",
      "build": "ionic-app-scripts build",
      "lint": "ionic-app-scripts lint",
      "ionic:build": "ionic-app-scripts build",
      "ionic:serve": "ionic-app-scripts serve"
    },
    "dependencies": {
      "@angular/animations": "^4.4.6",
      "@angular/common": "4.3",
      "@angular/compiler": "4.3",
      "@angular/compiler-cli": "4.3",
      "@angular/core": "^4.3",
      "@angular/forms": "4.3",
      "@angular/platform-browser": "4.3",
      "@angular/platform-browser-dynamic": "4.3",
      "@auth0/angular-jwt": "^2.0.0",
      "@ionic-native/camera": "3.12.1",
      "@ionic-native/core": "^4.5.3",
      "@ionic-native/firebase": "^4.5.3",
      "@ionic-native/google-maps": "3.12.1",
      "@ionic-native/image-resizer": "^4.7.0",
      "@ionic-native/splash-screen": "3.12.1",
      "@ionic-native/status-bar": "3.12.1",
      "@ionic/storage": "^2.1.3",
      "@ngx-translate/core": "6.0.1",
      "@ngx-translate/http-loader": "3.0.1",
      "angular": "^1.6.9",
      "angularfire2": "^5.0.0-rc.10",
      "animate.css": "^3.5.2",
      "child_process": "^1.0.2",
      "cordova-android": "6.3.0",
      "cordova-browser": "5.0.3",
      "cordova-ios": "4.5.4",
      "cordova-plugin-device": "^1.1.7",
      "cordova-plugin-file": "^6.0.1",
      "cordova-plugin-firebase": "^0.1.25",
      "cordova-plugin-splashscreen": "^4.1.0",
      "cordova-plugin-statusbar": "^2.4.2",
      "cordova-plugin-whitelist": "^1.3.3",
      "cordova-sqlite-storage": "^2.3.2",
      "d3": "^4.13.0",
      "firebase": "^5.0.4",
      "firebase-admin": "^5.11.0",
      "firebase-functions": "^0.9.1",
      "ionic-angular": "3.6.1",
      "ionic-plugin-keyboard": "^2.2.1",
      "ionicons": "3.0.0",
      "ng2-validation": "^4.2.0",
      "ngx-image-compress": "^1.0.2",
      "node-pre-gyp": "^0.10.0",
      "npm": "^6.1.0",
      "rxjs": "^6.2.0",
      "rxjs-compat": "^6.2.0",
      "sw-toolbox": "3.6.0",
      "uglify-es": "^3.3.9",
      "web-animations-js": "^2.3.1",
      "zone.js": "0.8.12"
    },
    "devDependencies": {
      "@ionic/app-scripts": "^3.1.10",
      "@types/d3": "4.10.1",
      "typescript": "2.3.4"
    },
    "description": "An Ionic project",
    "cordova": {
      "plugins": {
        "cordova-plugin-firebase": {},
        "ionic-plugin-keyboard": {},
        "cordova-plugin-whitelist": {},
        "cordova-plugin-statusbar": {},
        "cordova-plugin-device": {},
        "cordova-plugin-splashscreen": {},
        "cordova-sqlite-storage": {}
      },
      "platforms": [
        "android",
        "ios",
        "browser"
      ]
    }
  }

yarn manifest: 
  No manifest

Lockfile: 
  No lockfile

Trace: 
  Error: No lockfile in this directory. Run `yarn install` to generate one.
      at new MessageError (/usr/local/Cellar/yarn/1.5.1_1/libexec/lib/cli.js:186:110)
      at /usr/local/Cellar/yarn/1.5.1_1/libexec/lib/cli.js:89389:13
      at <anonymous>
